MJPG Streamer Version: svn rev: 3:160M
ERROR: could not find input plugin
       Perhaps you want to adjust the search path with:
       # export LD_LIBRARY_PATH=/path/to/plugin/folder
       dlopen: input_uvc.so: cannot open shared object file: No such file or directory
MJPG Streamer Version: svn rev: 3:160M
 i: Using V4L2 device.: /dev/video0
 i: Desired Resolution: 480 x 320
 i: Frames Per Second.: 100
 i: Format............: YUV
 i: JPEG Quality......: 80
i: The format asked unavailable, so the width 544 height 288 
Adding control for Pan (relative)
UVCIOC_CTRL_ADD - Error: Inappropriate ioctl for device
Adding control for Tilt (relative)
UVCIOC_CTRL_ADD - Error: Inappropriate ioctl for device
Adding control for Pan Reset
UVCIOC_CTRL_ADD - Error: Inappropriate ioctl for device
Adding control for Tilt Reset
UVCIOC_CTRL_ADD - Error: Inappropriate ioctl for device
Adding control for Pan/tilt Reset
UVCIOC_CTRL_ADD - Error: Inappropriate ioctl for device
Adding control for Focus (absolute)
UVCIOC_CTRL_ADD - Error: Inappropriate ioctl for device
mapping control for Pan (relative)
UVCIOC_CTRL_MAP - Error: Inappropriate ioctl for device
mapping control for Tilt (relative)
UVCIOC_CTRL_MAP - Error: Inappropriate ioctl for device
mapping control for Pan Reset
UVCIOC_CTRL_MAP - Error: Inappropriate ioctl for device
mapping control for Tilt Reset
UVCIOC_CTRL_MAP - Error: Inappropriate ioctl for device
mapping control for Pan/tilt Reset
UVCIOC_CTRL_MAP - Error: Inappropriate ioctl for device
mapping control for Focus (absolute)
UVCIOC_CTRL_MAP - Error: Inappropriate ioctl for device
mapping control for LED1 Mode
UVCIOC_CTRL_MAP - Error: Inappropriate ioctl for device
mapping control for LED1 Frequency
UVCIOC_CTRL_MAP - Error: Inappropriate ioctl for device
mapping control for Disable video processing
UVCIOC_CTRL_MAP - Error: Inappropriate ioctl for device
mapping control for Raw bits per pixel
UVCIOC_CTRL_MAP - Error: Inappropriate ioctl for device
 o: www-folder-path...: www/
 o: HTTP TCP port.....: 8081
 o: username:password.: disabled
 o: commands..........: enabled
starting running check task
starting hanging check task
server stopped, starting
MJPG Streamer Version: svn rev: 3:160M
 i: Using V4L2 device.: /dev/video0
 i: Desired Resolution: 480 x 320
 i: Frames Per Second.: 100
 i: Format............: YUV
 i: JPEG Quality......: 80
i: The format asked unavailable, so the width 544 height 288 
Adding control for Pan (relative)
UVCIOC_CTRL_ADD - Error: Inappropriate ioctl for device
Adding control for Tilt (relative)
UVCIOC_CTRL_ADD - Error: Inappropriate ioctl for device
Adding control for Pan Reset
UVCIOC_CTRL_ADD - Error: Inappropriate ioctl for device
Adding control for Tilt Reset
UVCIOC_CTRL_ADD - Error: Inappropriate ioctl for device
Adding control for Pan/tilt Reset
UVCIOC_CTRL_ADD - Error: Inappropriate ioctl for device
Adding control for Focus (absolute)
UVCIOC_CTRL_ADD - Error: Inappropriate ioctl for device
mapping control for Pan (relative)
UVCIOC_CTRL_MAP - Error: Inappropriate ioctl for device
mapping control for Tilt (relative)
UVCIOC_CTRL_MAP - Error: Inappropriate ioctl for device
mapping control for Pan Reset
UVCIOC_CTRL_MAP - Error: Inappropriate ioctl for device
mapping control for Tilt Reset
UVCIOC_CTRL_MAP - Error: Inappropriate ioctl for device
mapping control for Pan/tilt Reset
UVCIOC_CTRL_MAP - Error: Inappropriate ioctl for device
mapping control for Focus (absolute)
UVCIOC_CTRL_MAP - Error: Inappropriate ioctl for device
mapping control for LED1 Mode
UVCIOC_CTRL_MAP - Error: Inappropriate ioctl for device
mapping control for LED1 Frequency
UVCIOC_CTRL_MAP - Error: Inappropriate ioctl for device
mapping control for Disable video processing
UVCIOC_CTRL_MAP - Error: Inappropriate ioctl for device
mapping control for Raw bits per pixel
UVCIOC_CTRL_MAP - Error: Inappropriate ioctl for device
 o: www-folder-path...: www/
 o: HTTP TCP port.....: 8081
 o: username:password.: disabled
 o: commands..........: enabled
server stopped, starting
MJPG Streamer Version: svn rev: 3:160M
 i: Using V4L2 device.: /dev/video0
 i: Desired Resolution: 480 x 320
 i: Frames Per Second.: 100
 i: Format............: YUV
 i: JPEG Quality......: 80
i: The format asked unavailable, so the width 544 height 288 
MJPG Streamer Version: svn rev: 3:160M
 i: Using V4L2 device.: /dev/video0
 i: Desired Resolution: 480 x 320
 i: Frames Per Second.: 100
 i: Format............: YUV
 i: JPEG Quality......: 80
Adding control for Pan (relative)
UVCIOC_CTRL_ADD - Error: Inappropriate ioctl for device
Adding control for Tilt (relative)
UVCIOC_CTRL_ADD - Error: Inappropriate ioctl for device
Adding control for Pan Reset
UVCIOC_CTRL_ADD - Error: Inappropriate ioctl for device
Adding control for Tilt Reset
UVCIOC_CTRL_ADD - Error: Inappropriate ioctl for device
Adding control for Pan/tilt Reset
UVCIOC_CTRL_ADD - Error: Inappropriate ioctl for device
Adding control for Focus (absolute)
UVCIOC_CTRL_ADD - Error: Inappropriate ioctl for device
mapping control for Pan (relative)
UVCIOC_CTRL_MAP - Error: Inappropriate ioctl for device
mapping control for Tilt (relative)
UVCIOC_CTRL_MAP - Error: Inappropriate ioctl for device
mapping control for Pan Reset
UVCIOC_CTRL_MAP - Error: Inappropriate ioctl for device
mapping control for Tilt Reset
UVCIOC_CTRL_MAP - Error: Inappropriate ioctl for device
mapping control for Pan/tilt Reset
UVCIOC_CTRL_MAP - Error: Inappropriate ioctl for device
mapping control for Focus (absolute)
UVCIOC_CTRL_MAP - Error: Inappropriate ioctl for device
mapping control for LED1 Mode
UVCIOC_CTRL_MAP - Error: Inappropriate ioctl for device
mapping control for LED1 Frequency
UVCIOC_CTRL_MAP - Error: Inappropriate ioctl for device
mapping control for Disable video processing
UVCIOC_CTRL_MAP - Error: Inappropriate ioctl for device
mapping control for Raw bits per pixel
UVCIOC_CTRL_MAP - Error: Inappropriate ioctl for device
libv4l2: error setting pixformat: Device or resource busy
Unable to set format: 1448695129 res: 480x320
 Init v4L2 failed !! exit fatal 
 i: init_VideoIn failed
 o: www-folder-path...: www/
 o: HTTP TCP port.....: 8081
 o: username:password.: disabled
 o: commands..........: enabled
starting running check task
starting hanging check task
serving client: 192.168.0.100
serving client: 192.168.0.100
serving client: 192.168.0.100
MJPG Streamer Version: svn rev: 3:160M
 i: Using V4L2 device.: /dev/video0
 i: Desired Resolution: 480 x 320
 i: Frames Per Second.: 100
 i: Format............: YUV
 i: JPEG Quality......: 80
i: The format asked unavailable, so the width 544 height 288 
Adding control for Pan (relative)
UVCIOC_CTRL_ADD - Error: Inappropriate ioctl for device
Adding control for Tilt (relative)
UVCIOC_CTRL_ADD - Error: Inappropriate ioctl for device
Adding control for Pan Reset
UVCIOC_CTRL_ADD - Error: Inappropriate ioctl for device
Adding control for Tilt Reset
UVCIOC_CTRL_ADD - Error: Inappropriate ioctl for device
Adding control for Pan/tilt Reset
UVCIOC_CTRL_ADD - Error: Inappropriate ioctl for device
Adding control for Focus (absolute)
UVCIOC_CTRL_ADD - Error: Inappropriate ioctl for device
mapping control for Pan (relative)
UVCIOC_CTRL_MAP - Error: Inappropriate ioctl for device
mapping control for Tilt (relative)
UVCIOC_CTRL_MAP - Error: Inappropriate ioctl for device
mapping control for Pan Reset
UVCIOC_CTRL_MAP - Error: Inappropriate ioctl for device
mapping control for Tilt Reset
UVCIOC_CTRL_MAP - Error: Inappropriate ioctl for device
mapping control for Pan/tilt Reset
UVCIOC_CTRL_MAP - Error: Inappropriate ioctl for device
mapping control for Focus (absolute)
UVCIOC_CTRL_MAP - Error: Inappropriate ioctl for device
mapping control for LED1 Mode
UVCIOC_CTRL_MAP - Error: Inappropriate ioctl for device
mapping control for LED1 Frequency
UVCIOC_CTRL_MAP - Error: Inappropriate ioctl for device
mapping control for Disable video processing
UVCIOC_CTRL_MAP - Error: Inappropriate ioctl for device
mapping control for Raw bits per pixel
UVCIOC_CTRL_MAP - Error: Inappropriate ioctl for device
 o: www-folder-path...: www/
 o: HTTP TCP port.....: 8081
 o: username:password.: disabled
 o: commands..........: enabled
starting running check task
starting hanging check task
serving client: 192.168.0.100
serving client: 192.168.0.100
serving client: 192.168.0.100
serving client: 192.168.0.100
serving client: 192.168.0.100
MJPG Streamer Version: svn rev: 3:160M
 i: Using V4L2 device.: /dev/video0
 i: Desired Resolution: 480 x 320
 i: Frames Per Second.: 100
 i: Format............: YUV
 i: JPEG Quality......: 80
i: The format asked unavailable, so the width 544 height 288 
Adding control for Pan (relative)
UVCIOC_CTRL_ADD - Error: Inappropriate ioctl for device
Adding control for Tilt (relative)
UVCIOC_CTRL_ADD - Error: Inappropriate ioctl for device
Adding control for Pan Reset
UVCIOC_CTRL_ADD - Error: Inappropriate ioctl for device
Adding control for Tilt Reset
UVCIOC_CTRL_ADD - Error: Inappropriate ioctl for device
Adding control for Pan/tilt Reset
UVCIOC_CTRL_ADD - Error: Inappropriate ioctl for device
Adding control for Focus (absolute)
UVCIOC_CTRL_ADD - Error: Inappropriate ioctl for device
mapping control for Pan (relative)
UVCIOC_CTRL_MAP - Error: Inappropriate ioctl for device
mapping control for Tilt (relative)
UVCIOC_CTRL_MAP - Error: Inappropriate ioctl for device
mapping control for Pan Reset
UVCIOC_CTRL_MAP - Error: Inappropriate ioctl for device
mapping control for Tilt Reset
UVCIOC_CTRL_MAP - Error: Inappropriate ioctl for device
mapping control for Pan/tilt Reset
UVCIOC_CTRL_MAP - Error: Inappropriate ioctl for device
mapping control for Focus (absolute)
UVCIOC_CTRL_MAP - Error: Inappropriate ioctl for device
mapping control for LED1 Mode
UVCIOC_CTRL_MAP - Error: Inappropriate ioctl for device
mapping control for LED1 Frequency
UVCIOC_CTRL_MAP - Error: Inappropriate ioctl for device
mapping control for Disable video processing
UVCIOC_CTRL_MAP - Error: Inappropriate ioctl for device
mapping control for Raw bits per pixel
UVCIOC_CTRL_MAP - Error: Inappropriate ioctl for device
 o: www-folder-path...: www/
 o: HTTP TCP port.....: 8081
 o: username:password.: disabled
 o: commands..........: enabled
starting running check task
starting hanging check task
serving client: 192.168.0.100
serving client: 192.168.0.100
serving client: 192.168.0.100
serving client: 192.168.0.100
serving client: 192.168.0.100
serving client: 192.168.0.100
serving client: 192.168.0.100
MJPG Streamer Version: svn rev: 3:160M
 i: Using V4L2 device.: /dev/video0
 i: Desired Resolution: 480 x 320
 i: Frames Per Second.: 100
 i: Format............: YUV
 i: JPEG Quality......: 80
i: The format asked unavailable, so the width 544 height 288 
Adding control for Pan (relative)
UVCIOC_CTRL_ADD - Error: Inappropriate ioctl for device
Adding control for Tilt (relative)
UVCIOC_CTRL_ADD - Error: Inappropriate ioctl for device
Adding control for Pan Reset
UVCIOC_CTRL_ADD - Error: Inappropriate ioctl for device
Adding control for Tilt Reset
UVCIOC_CTRL_ADD - Error: Inappropriate ioctl for device
Adding control for Pan/tilt Reset
UVCIOC_CTRL_ADD - Error: Inappropriate ioctl for device
Adding control for Focus (absolute)
UVCIOC_CTRL_ADD - Error: Inappropriate ioctl for device
mapping control for Pan (relative)
UVCIOC_CTRL_MAP - Error: Inappropriate ioctl for device
mapping control for Tilt (relative)
UVCIOC_CTRL_MAP - Error: Inappropriate ioctl for device
mapping control for Pan Reset
UVCIOC_CTRL_MAP - Error: Inappropriate ioctl for device
mapping control for Tilt Reset
UVCIOC_CTRL_MAP - Error: Inappropriate ioctl for device
mapping control for Pan/tilt Reset
UVCIOC_CTRL_MAP - Error: Inappropriate ioctl for device
mapping control for Focus (absolute)
UVCIOC_CTRL_MAP - Error: Inappropriate ioctl for device
mapping control for LED1 Mode
UVCIOC_CTRL_MAP - Error: Inappropriate ioctl for device
mapping control for LED1 Frequency
UVCIOC_CTRL_MAP - Error: Inappropriate ioctl for device
mapping control for Disable video processing
UVCIOC_CTRL_MAP - Error: Inappropriate ioctl for device
mapping control for Raw bits per pixel
UVCIOC_CTRL_MAP - Error: Inappropriate ioctl for device
 o: www-folder-path...: www/
 o: HTTP TCP port.....: 8081
 o: username:password.: disabled
 o: commands..........: enabled
starting running check task
starting hanging check task
serving client: 192.168.0.100
serving client: 192.168.0.100
serving client: 192.168.0.100
serving client: 192.168.0.100
serving client: 192.168.0.100
serving client: 192.168.0.100
serving client: 192.168.0.100
serving client: 192.168.0.102
serving client: 192.168.0.102
serving client: 192.168.0.100
serving client: 192.168.0.102
MJPG Streamer Version: svn rev: 3:160M
 i: Using V4L2 device.: /dev/video0
 i: Desired Resolution: 240 x 320
 i: Frames Per Second.: 20
 i: Format............: YUV
 i: JPEG Quality......: 80
i: The format asked unavailable, so the width 320 height 240 
Adding control for Pan (relative)
UVCIOC_CTRL_ADD - Error: Inappropriate ioctl for device
Adding control for Tilt (relative)
UVCIOC_CTRL_ADD - Error: Inappropriate ioctl for device
Adding control for Pan Reset
UVCIOC_CTRL_ADD - Error: Inappropriate ioctl for device
Adding control for Tilt Reset
UVCIOC_CTRL_ADD - Error: Inappropriate ioctl for device
Adding control for Pan/tilt Reset
UVCIOC_CTRL_ADD - Error: Inappropriate ioctl for device
Adding control for Focus (absolute)
UVCIOC_CTRL_ADD - Error: Inappropriate ioctl for device
mapping control for Pan (relative)
UVCIOC_CTRL_MAP - Error: Inappropriate ioctl for device
mapping control for Tilt (relative)
UVCIOC_CTRL_MAP - Error: Inappropriate ioctl for device
mapping control for Pan Reset
UVCIOC_CTRL_MAP - Error: Inappropriate ioctl for device
mapping control for Tilt Reset
UVCIOC_CTRL_MAP - Error: Inappropriate ioctl for device
mapping control for Pan/tilt Reset
UVCIOC_CTRL_MAP - Error: Inappropriate ioctl for device
mapping control for Focus (absolute)
UVCIOC_CTRL_MAP - Error: Inappropriate ioctl for device
mapping control for LED1 Mode
UVCIOC_CTRL_MAP - Error: Inappropriate ioctl for device
mapping control for LED1 Frequency
UVCIOC_CTRL_MAP - Error: Inappropriate ioctl for device
mapping control for Disable video processing
UVCIOC_CTRL_MAP - Error: Inappropriate ioctl for device
mapping control for Raw bits per pixel
UVCIOC_CTRL_MAP - Error: Inappropriate ioctl for device
 o: www-folder-path...: www/
 o: HTTP TCP port.....: 8081
 o: username:password.: disabled
 o: commands..........: enabled
starting running check task
starting hanging check task
serving client: 192.168.0.102
serving client: 192.168.0.100
serving client: 192.168.0.100
serving client: 192.168.0.100
MJPG Streamer Version: svn rev: 3:160M
 i: Using V4L2 device.: /dev/video0
 i: Desired Resolution: 240 x 320
 i: Frames Per Second.: 20
 i: Format............: YUV
 i: JPEG Quality......: 80
i: The format asked unavailable, so the width 320 height 240 
Adding control for Pan (relative)
UVCIOC_CTRL_ADD - Error: Inappropriate ioctl for device
Adding control for Tilt (relative)
UVCIOC_CTRL_ADD - Error: Inappropriate ioctl for device
Adding control for Pan Reset
UVCIOC_CTRL_ADD - Error: Inappropriate ioctl for device
Adding control for Tilt Reset
UVCIOC_CTRL_ADD - Error: Inappropriate ioctl for device
Adding control for Pan/tilt Reset
UVCIOC_CTRL_ADD - Error: Inappropriate ioctl for device
Adding control for Focus (absolute)
UVCIOC_CTRL_ADD - Error: Inappropriate ioctl for device
mapping control for Pan (relative)
UVCIOC_CTRL_MAP - Error: Inappropriate ioctl for device
mapping control for Tilt (relative)
UVCIOC_CTRL_MAP - Error: Inappropriate ioctl for device
mapping control for Pan Reset
UVCIOC_CTRL_MAP - Error: Inappropriate ioctl for device
mapping control for Tilt Reset
UVCIOC_CTRL_MAP - Error: Inappropriate ioctl for device
mapping control for Pan/tilt Reset
UVCIOC_CTRL_MAP - Error: Inappropriate ioctl for device
mapping control for Focus (absolute)
UVCIOC_CTRL_MAP - Error: Inappropriate ioctl for device
mapping control for LED1 Mode
UVCIOC_CTRL_MAP - Error: Inappropriate ioctl for device
mapping control for LED1 Frequency
UVCIOC_CTRL_MAP - Error: Inappropriate ioctl for device
mapping control for Disable video processing
UVCIOC_CTRL_MAP - Error: Inappropriate ioctl for device
mapping control for Raw bits per pixel
UVCIOC_CTRL_MAP - Error: Inappropriate ioctl for device
 o: www-folder-path...: www/
 o: HTTP TCP port.....: 8081
 o: username:password.: disabled
 o: commands..........: enabled
starting running check task
starting hanging check task
serving client: 192.168.0.100
serving client: 192.168.0.100
MJPG Streamer Version: svn rev: 3:160M
 i: Using V4L2 device.: /dev/video0
 i: Desired Resolution: 480 x 640
 i: Frames Per Second.: 20
 i: Format............: YUV
 i: JPEG Quality......: 80
i: The format asked unavailable, so the width 640 height 480 
Adding control for Pan (relative)
UVCIOC_CTRL_ADD - Error: Inappropriate ioctl for device
Adding control for Tilt (relative)
UVCIOC_CTRL_ADD - Error: Inappropriate ioctl for device
Adding control for Pan Reset
UVCIOC_CTRL_ADD - Error: Inappropriate ioctl for device
Adding control for Tilt Reset
UVCIOC_CTRL_ADD - Error: Inappropriate ioctl for device
Adding control for Pan/tilt Reset
UVCIOC_CTRL_ADD - Error: Inappropriate ioctl for device
Adding control for Focus (absolute)
UVCIOC_CTRL_ADD - Error: Inappropriate ioctl for device
mapping control for Pan (relative)
UVCIOC_CTRL_MAP - Error: Inappropriate ioctl for device
mapping control for Tilt (relative)
UVCIOC_CTRL_MAP - Error: Inappropriate ioctl for device
mapping control for Pan Reset
UVCIOC_CTRL_MAP - Error: Inappropriate ioctl for device
mapping control for Tilt Reset
UVCIOC_CTRL_MAP - Error: Inappropriate ioctl for device
mapping control for Pan/tilt Reset
UVCIOC_CTRL_MAP - Error: Inappropriate ioctl for device
mapping control for Focus (absolute)
UVCIOC_CTRL_MAP - Error: Inappropriate ioctl for device
mapping control for LED1 Mode
UVCIOC_CTRL_MAP - Error: Inappropriate ioctl for device
mapping control for LED1 Frequency
UVCIOC_CTRL_MAP - Error: Inappropriate ioctl for device
mapping control for Disable video processing
UVCIOC_CTRL_MAP - Error: Inappropriate ioctl for device
mapping control for Raw bits per pixel
UVCIOC_CTRL_MAP - Error: Inappropriate ioctl for device
 o: www-folder-path...: www/
 o: HTTP TCP port.....: 8081
 o: username:password.: disabled
 o: commands..........: enabled
serving client: 192.168.0.100
starting running check task
starting hanging check task
Unable to dequeue buffer: No such device
 i: Error grabbing frames
server stopped, starting
MJPG Streamer Version: svn rev: 3:160M
 i: Using V4L2 device.: /dev/video0
 i: Desired Resolution: 480 x 640
 i: Frames Per Second.: 20
 i: Format............: YUV
 i: JPEG Quality......: 80
ERROR opening V4L interface: No such file or directory
 Init v4L2 failed !! exit fatal 
 i: init_VideoIn failed
server stopped, starting
MJPG Streamer Version: svn rev: 3:160M
 i: Using V4L2 device.: /dev/video0
 i: Desired Resolution: 480 x 640
 i: Frames Per Second.: 20
 i: Format............: YUV
 i: JPEG Quality......: 80
ERROR opening V4L interface: No such file or directory
 Init v4L2 failed !! exit fatal 
 i: init_VideoIn failed
server stopped, starting
MJPG Streamer Version: svn rev: 3:160M
 i: Using V4L2 device.: /dev/video0
 i: Desired Resolution: 480 x 640
 i: Frames Per Second.: 20
 i: Format............: YUV
 i: JPEG Quality......: 80
ERROR opening V4L interface: No such file or directory
 Init v4L2 failed !! exit fatal 
 i: init_VideoIn failed
server stopped, starting
MJPG Streamer Version: svn rev: 3:160M
 i: Using V4L2 device.: /dev/video0
 i: Desired Resolution: 480 x 640
 i: Frames Per Second.: 20
 i: Format............: YUV
 i: JPEG Quality......: 80
ERROR opening V4L interface: No such file or directory
 Init v4L2 failed !! exit fatal 
 i: init_VideoIn failed
server stopped, starting
MJPG Streamer Version: svn rev: 3:160M
 i: Using V4L2 device.: /dev/video0
 i: Desired Resolution: 480 x 640
 i: Frames Per Second.: 20
 i: Format............: YUV
 i: JPEG Quality......: 80
ERROR opening V4L interface: No such file or directory
 Init v4L2 failed !! exit fatal 
 i: init_VideoIn failed
server stopped, starting
MJPG Streamer Version: svn rev: 3:160M
 i: Using V4L2 device.: /dev/video0
 i: Desired Resolution: 480 x 640
 i: Frames Per Second.: 20
 i: Format............: YUV
 i: JPEG Quality......: 80
ERROR opening V4L interface: No such file or directory
 Init v4L2 failed !! exit fatal 
 i: init_VideoIn failed
server stopped, starting
MJPG Streamer Version: svn rev: 3:160M
 i: Using V4L2 device.: /dev/video0
 i: Desired Resolution: 480 x 640
 i: Frames Per Second.: 20
 i: Format............: YUV
 i: JPEG Quality......: 80
ERROR opening V4L interface: No such file or directory
 Init v4L2 failed !! exit fatal 
 i: init_VideoIn failed
server stopped, starting
MJPG Streamer Version: svn rev: 3:160M
 i: Using V4L2 device.: /dev/video0
 i: Desired Resolution: 480 x 640
 i: Frames Per Second.: 20
 i: Format............: YUV
 i: JPEG Quality......: 80
ERROR opening V4L interface: No such file or directory
 Init v4L2 failed !! exit fatal 
 i: init_VideoIn failed
server stopped, starting
MJPG Streamer Version: svn rev: 3:160M
 i: Using V4L2 device.: /dev/video0
 i: Desired Resolution: 480 x 640
 i: Frames Per Second.: 20
 i: Format............: YUV
 i: JPEG Quality......: 80
ERROR opening V4L interface: No such file or directory
 Init v4L2 failed !! exit fatal 
 i: init_VideoIn failed
server stopped, starting
MJPG Streamer Version: svn rev: 3:160M
 i: Using V4L2 device.: /dev/video0
 i: Desired Resolution: 480 x 640
 i: Frames Per Second.: 20
 i: Format............: YUV
 i: JPEG Quality......: 80
ERROR opening V4L interface: No such file or directory
 Init v4L2 failed !! exit fatal 
 i: init_VideoIn failed
server stopped, starting
MJPG Streamer Version: svn rev: 3:160M
 i: Using V4L2 device.: /dev/video0
 i: Desired Resolution: 480 x 640
 i: Frames Per Second.: 20
 i: Format............: YUV
 i: JPEG Quality......: 80
ERROR opening V4L interface: No such file or directory
 Init v4L2 failed !! exit fatal 
 i: init_VideoIn failed
server stopped, starting
MJPG Streamer Version: svn rev: 3:160M
 i: Using V4L2 device.: /dev/video0
 i: Desired Resolution: 480 x 640
 i: Frames Per Second.: 20
 i: Format............: YUV
 i: JPEG Quality......: 80
ERROR opening V4L interface: No such file or directory
 Init v4L2 failed !! exit fatal 
 i: init_VideoIn failed
server stopped, starting
MJPG Streamer Version: svn rev: 3:160M
 i: Using V4L2 device.: /dev/video0
 i: Desired Resolution: 480 x 640
 i: Frames Per Second.: 20
 i: Format............: YUV
 i: JPEG Quality......: 80
ERROR opening V4L interface: No such file or directory
 Init v4L2 failed !! exit fatal 
 i: init_VideoIn failed
server stopped, starting
MJPG Streamer Version: svn rev: 3:160M
 i: Using V4L2 device.: /dev/video0
 i: Desired Resolution: 480 x 640
 i: Frames Per Second.: 20
 i: Format............: YUV
 i: JPEG Quality......: 80
ERROR opening V4L interface: No such file or directory
 Init v4L2 failed !! exit fatal 
 i: init_VideoIn failed
server stopped, starting
MJPG Streamer Version: svn rev: 3:160M
 i: Using V4L2 device.: /dev/video0
 i: Desired Resolution: 480 x 640
 i: Frames Per Second.: 20
 i: Format............: YUV
 i: JPEG Quality......: 80
ERROR opening V4L interface: No such file or directory
 Init v4L2 failed !! exit fatal 
 i: init_VideoIn failed
server stopped, starting
MJPG Streamer Version: svn rev: 3:160M
 i: Using V4L2 device.: /dev/video0
 i: Desired Resolution: 480 x 640
 i: Frames Per Second.: 20
 i: Format............: YUV
 i: JPEG Quality......: 80
ERROR opening V4L interface: No such file or directory
 Init v4L2 failed !! exit fatal 
 i: init_VideoIn failed
server stopped, starting
MJPG Streamer Version: svn rev: 3:160M
 i: Using V4L2 device.: /dev/video0
 i: Desired Resolution: 480 x 640
 i: Frames Per Second.: 20
 i: Format............: YUV
 i: JPEG Quality......: 80
ERROR opening V4L interface: No such file or directory
 Init v4L2 failed !! exit fatal 
 i: init_VideoIn failed
server stopped, starting
MJPG Streamer Version: svn rev: 3:160M
 i: Using V4L2 device.: /dev/video0
 i: Desired Resolution: 480 x 640
 i: Frames Per Second.: 20
 i: Format............: YUV
 i: JPEG Quality......: 80
ERROR opening V4L interface: No such file or directory
 Init v4L2 failed !! exit fatal 
 i: init_VideoIn failed
server stopped, starting
MJPG Streamer Version: svn rev: 3:160M
 i: Using V4L2 device.: /dev/video0
 i: Desired Resolution: 480 x 640
 i: Frames Per Second.: 20
 i: Format............: YUV
 i: JPEG Quality......: 80
ERROR opening V4L interface: No such file or directory
 Init v4L2 failed !! exit fatal 
 i: init_VideoIn failed
server stopped, starting
MJPG Streamer Version: svn rev: 3:160M
 i: Using V4L2 device.: /dev/video0
 i: Desired Resolution: 480 x 640
 i: Frames Per Second.: 20
 i: Format............: YUV
 i: JPEG Quality......: 80
ERROR opening V4L interface: No such file or directory
 Init v4L2 failed !! exit fatal 
 i: init_VideoIn failed
server stopped, starting
MJPG Streamer Version: svn rev: 3:160M
 i: Using V4L2 device.: /dev/video0
 i: Desired Resolution: 480 x 640
 i: Frames Per Second.: 20
 i: Format............: YUV
 i: JPEG Quality......: 80
ERROR opening V4L interface: No such file or directory
 Init v4L2 failed !! exit fatal 
 i: init_VideoIn failed
server stopped, starting
MJPG Streamer Version: svn rev: 3:160M
 i: Using V4L2 device.: /dev/video0
 i: Desired Resolution: 480 x 640
 i: Frames Per Second.: 20
 i: Format............: YUV
 i: JPEG Quality......: 80
ERROR opening V4L interface: No such file or directory
 Init v4L2 failed !! exit fatal 
 i: init_VideoIn failed
server stopped, starting
MJPG Streamer Version: svn rev: 3:160M
 i: Using V4L2 device.: /dev/video0
 i: Desired Resolution: 480 x 640
 i: Frames Per Second.: 20
 i: Format............: YUV
 i: JPEG Quality......: 80
ERROR opening V4L interface: No such file or directory
 Init v4L2 failed !! exit fatal 
 i: init_VideoIn failed
server stopped, starting
MJPG Streamer Version: svn rev: 3:160M
 i: Using V4L2 device.: /dev/video0
 i: Desired Resolution: 480 x 640
 i: Frames Per Second.: 20
 i: Format............: YUV
 i: JPEG Quality......: 80
ERROR opening V4L interface: No such file or directory
 Init v4L2 failed !! exit fatal 
 i: init_VideoIn failed
server stopped, starting
MJPG Streamer Version: svn rev: 3:160M
 i: Using V4L2 device.: /dev/video0
 i: Desired Resolution: 480 x 640
 i: Frames Per Second.: 20
 i: Format............: YUV
 i: JPEG Quality......: 80
ERROR opening V4L interface: No such file or directory
 Init v4L2 failed !! exit fatal 
 i: init_VideoIn failed
server stopped, starting
MJPG Streamer Version: svn rev: 3:160M
 i: Using V4L2 device.: /dev/video0
 i: Desired Resolution: 480 x 640
 i: Frames Per Second.: 20
 i: Format............: YUV
 i: JPEG Quality......: 80
ERROR opening V4L interface: No such file or directory
 Init v4L2 failed !! exit fatal 
 i: init_VideoIn failed
server stopped, starting
MJPG Streamer Version: svn rev: 3:160M
 i: Using V4L2 device.: /dev/video0
 i: Desired Resolution: 480 x 640
 i: Frames Per Second.: 20
 i: Format............: YUV
 i: JPEG Quality......: 80
ERROR opening V4L interface: No such file or directory
 Init v4L2 failed !! exit fatal 
 i: init_VideoIn failed
server stopped, starting
MJPG Streamer Version: svn rev: 3:160M
 i: Using V4L2 device.: /dev/video0
 i: Desired Resolution: 480 x 640
 i: Frames Per Second.: 20
 i: Format............: YUV
 i: JPEG Quality......: 80
ERROR opening V4L interface: No such file or directory
 Init v4L2 failed !! exit fatal 
 i: init_VideoIn failed
server stopped, starting
MJPG Streamer Version: svn rev: 3:160M
 i: Using V4L2 device.: /dev/video0
 i: Desired Resolution: 480 x 640
 i: Frames Per Second.: 20
 i: Format............: YUV
 i: JPEG Quality......: 80
ERROR opening V4L interface: No such file or directory
 Init v4L2 failed !! exit fatal 
 i: init_VideoIn failed
server stopped, starting
MJPG Streamer Version: svn rev: 3:160M
 i: Using V4L2 device.: /dev/video0
 i: Desired Resolution: 480 x 640
 i: Frames Per Second.: 20
 i: Format............: YUV
 i: JPEG Quality......: 80
ERROR opening V4L interface: No such file or directory
 Init v4L2 failed !! exit fatal 
 i: init_VideoIn failed
server stopped, starting
MJPG Streamer Version: svn rev: 3:160M
 i: Using V4L2 device.: /dev/video0
 i: Desired Resolution: 480 x 640
 i: Frames Per Second.: 20
 i: Format............: YUV
 i: JPEG Quality......: 80
ERROR opening V4L interface: No such file or directory
 Init v4L2 failed !! exit fatal 
 i: init_VideoIn failed
server stopped, starting
MJPG Streamer Version: svn rev: 3:160M
 i: Using V4L2 device.: /dev/video0
 i: Desired Resolution: 480 x 640
 i: Frames Per Second.: 20
 i: Format............: YUV
 i: JPEG Quality......: 80
ERROR opening V4L interface: No such file or directory
 Init v4L2 failed !! exit fatal 
 i: init_VideoIn failed
server stopped, starting
MJPG Streamer Version: svn rev: 3:160M
 i: Using V4L2 device.: /dev/video0
 i: Desired Resolution: 480 x 640
 i: Frames Per Second.: 20
 i: Format............: YUV
 i: JPEG Quality......: 80
i: The format asked unavailable, so the width 640 height 480 
Adding control for Pan (relative)
UVCIOC_CTRL_ADD - Error: Inappropriate ioctl for device
Adding control for Tilt (relative)
UVCIOC_CTRL_ADD - Error: Inappropriate ioctl for device
Adding control for Pan Reset
UVCIOC_CTRL_ADD - Error: Inappropriate ioctl for device
Adding control for Tilt Reset
UVCIOC_CTRL_ADD - Error: Inappropriate ioctl for device
Adding control for Pan/tilt Reset
UVCIOC_CTRL_ADD - Error: Inappropriate ioctl for device
Adding control for Focus (absolute)
UVCIOC_CTRL_ADD - Error: Inappropriate ioctl for device
mapping control for Pan (relative)
UVCIOC_CTRL_MAP - Error: Inappropriate ioctl for device
mapping control for Tilt (relative)
UVCIOC_CTRL_MAP - Error: Inappropriate ioctl for device
mapping control for Pan Reset
UVCIOC_CTRL_MAP - Error: Inappropriate ioctl for device
mapping control for Tilt Reset
UVCIOC_CTRL_MAP - Error: Inappropriate ioctl for device
mapping control for Pan/tilt Reset
UVCIOC_CTRL_MAP - Error: Inappropriate ioctl for device
mapping control for Focus (absolute)
UVCIOC_CTRL_MAP - Error: Inappropriate ioctl for device
mapping control for LED1 Mode
UVCIOC_CTRL_MAP - Error: Inappropriate ioctl for device
mapping control for LED1 Frequency
UVCIOC_CTRL_MAP - Error: Inappropriate ioctl for device
mapping control for Disable video processing
UVCIOC_CTRL_MAP - Error: Inappropriate ioctl for device
mapping control for Raw bits per pixel
UVCIOC_CTRL_MAP - Error: Inappropriate ioctl for device
 o: www-folder-path...: www/
 o: HTTP TCP port.....: 8081
 o: username:password.: disabled
 o: commands..........: enabled
serving client: 192.168.0.100
MJPG Streamer Version: svn rev: 3:160M
 i: Using V4L2 device.: /dev/video0
 i: Desired Resolution: 240 x 320
 i: Frames Per Second.: 20
 i: Format............: YUV
 i: JPEG Quality......: 80
i: The format asked unavailable, so the width 320 height 240 
Adding control for Pan (relative)
UVCIOC_CTRL_ADD - Error: Inappropriate ioctl for device
Adding control for Tilt (relative)
UVCIOC_CTRL_ADD - Error: Inappropriate ioctl for device
Adding control for Pan Reset
UVCIOC_CTRL_ADD - Error: Inappropriate ioctl for device
Adding control for Tilt Reset
UVCIOC_CTRL_ADD - Error: Inappropriate ioctl for device
Adding control for Pan/tilt Reset
UVCIOC_CTRL_ADD - Error: Inappropriate ioctl for device
Adding control for Focus (absolute)
UVCIOC_CTRL_ADD - Error: Inappropriate ioctl for device
mapping control for Pan (relative)
UVCIOC_CTRL_MAP - Error: Inappropriate ioctl for device
mapping control for Tilt (relative)
UVCIOC_CTRL_MAP - Error: Inappropriate ioctl for device
mapping control for Pan Reset
UVCIOC_CTRL_MAP - Error: Inappropriate ioctl for device
mapping control for Tilt Reset
UVCIOC_CTRL_MAP - Error: Inappropriate ioctl for device
mapping control for Pan/tilt Reset
UVCIOC_CTRL_MAP - Error: Inappropriate ioctl for device
mapping control for Focus (absolute)
UVCIOC_CTRL_MAP - Error: Inappropriate ioctl for device
mapping control for LED1 Mode
UVCIOC_CTRL_MAP - Error: Inappropriate ioctl for device
mapping control for LED1 Frequency
UVCIOC_CTRL_MAP - Error: Inappropriate ioctl for device
mapping control for Disable video processing
UVCIOC_CTRL_MAP - Error: Inappropriate ioctl for device
mapping control for Raw bits per pixel
UVCIOC_CTRL_MAP - Error: Inappropriate ioctl for device
 o: www-folder-path...: www/
 o: HTTP TCP port.....: 8081
 o: username:password.: disabled
 o: commands..........: enabled
starting running check task
starting hanging check task
serving client: 192.168.0.100
MJPG Streamer Version: svn rev: 3:160M
 i: Using V4L2 device.: /dev/video0
 i: Desired Resolution: 240 x 320
 i: Frames Per Second.: 60
 i: Format............: YUV
 i: JPEG Quality......: 80
i: The format asked unavailable, so the width 320 height 240 
Adding control for Pan (relative)
UVCIOC_CTRL_ADD - Error: Inappropriate ioctl for device
Adding control for Tilt (relative)
UVCIOC_CTRL_ADD - Error: Inappropriate ioctl for device
Adding control for Pan Reset
UVCIOC_CTRL_ADD - Error: Inappropriate ioctl for device
Adding control for Tilt Reset
UVCIOC_CTRL_ADD - Error: Inappropriate ioctl for device
Adding control for Pan/tilt Reset
UVCIOC_CTRL_ADD - Error: Inappropriate ioctl for device
Adding control for Focus (absolute)
UVCIOC_CTRL_ADD - Error: Inappropriate ioctl for device
mapping control for Pan (relative)
UVCIOC_CTRL_MAP - Error: Inappropriate ioctl for device
mapping control for Tilt (relative)
UVCIOC_CTRL_MAP - Error: Inappropriate ioctl for device
mapping control for Pan Reset
UVCIOC_CTRL_MAP - Error: Inappropriate ioctl for device
mapping control for Tilt Reset
UVCIOC_CTRL_MAP - Error: Inappropriate ioctl for device
mapping control for Pan/tilt Reset
UVCIOC_CTRL_MAP - Error: Inappropriate ioctl for device
mapping control for Focus (absolute)
UVCIOC_CTRL_MAP - Error: Inappropriate ioctl for device
mapping control for LED1 Mode
UVCIOC_CTRL_MAP - Error: Inappropriate ioctl for device
mapping control for LED1 Frequency
UVCIOC_CTRL_MAP - Error: Inappropriate ioctl for device
mapping control for Disable video processing
UVCIOC_CTRL_MAP - Error: Inappropriate ioctl for device
mapping control for Raw bits per pixel
UVCIOC_CTRL_MAP - Error: Inappropriate ioctl for device
 o: www-folder-path...: www/
 o: HTTP TCP port.....: 8081
 o: username:password.: disabled
 o: commands..........: enabled
starting hanging check task
starting running check task
serving client: 192.168.0.100
serving client: 192.168.0.100
serving client: 192.168.0.100
serving client: 192.168.0.101
serving client: 192.168.0.101
serving client: 192.168.0.101
